# JRE version: OpenJDK Runtime Environment (8.0_242-b01) (build 1.8.0_242-release-1644-b01)
# Java VM: OpenJDK 64-Bit Server VM (25.242-b01 mixed mode windows-amd64 compressed oops)
Heap:
 PSYoungGen      total 385024K, used 220026K [0x00000000d5580000, 0x00000000f3c80000, 0x0000000100000000)
  eden space 313856K, 51% used [0x00000000d5580000,0x00000000df3c6f18,0x00000000e8800000)
  from space 71168K, 81% used [0x00000000e8800000,0x00000000ec097bb0,0x00000000ecd80000)
  to   space 78336K, 0% used [0x00000000ef000000,0x00000000ef000000,0x00000000f3c80000)
 ParOldGen       total 210432K, used 166228K [0x0000000080000000, 0x000000008cd80000, 0x00000000d5580000)
  object space 210432K, 78% used [0x0000000080000000,0x000000008a2551d0,0x000000008cd80000)
 Metaspace       used 90678K, capacity 96140K, committed 96408K, reserved 1132544K
  class space    used 12130K, capacity 13107K, committed 13224K, reserved 1048576K
GC Heap History (10 events):
Event: 894.036 GC heap before
{Heap before GC invocations=18 (full 3):
 PSYoungGen      total 281600K, used 281597K [0x00000000d5580000, 0x00000000ec500000, 0x0000000100000000)
  eden space 248832K, 100% used [0x00000000d5580000,0x00000000e4880000,0x00000000e4880000)
  from space 32768K, 99% used [0x00000000e7a00000,0x00000000e99ff5b0,0x00000000e9a00000)
  to   space 50688K, 0% used [0x00000000e4880000,0x00000000e4880000,0x00000000e7a00000)
 ParOldGen       total 210432K, used 93729K [0x0000000080000000, 0x000000008cd80000, 0x00000000d5580000)
  object space 210432K, 44% used [0x0000000080000000,0x0000000085b887b0,0x000000008cd80000)
 Metaspace       used 88551K, capacity 93410K, committed 93592K, reserved 1130496K
  class space    used 11974K, capacity 12878K, committed 12968K, reserved 1048576K
Event: 894.141 GC heap after
Heap after GC invocations=18 (full 3):
 PSYoungGen      total 299520K, used 50668K [0x00000000d5580000, 0x00000000ef600000, 0x0000000100000000)
  eden space 248832K, 0% used [0x00000000d5580000,0x00000000d5580000,0x00000000e4880000)
  from space 50688K, 99% used [0x00000000e4880000,0x00000000e79fb0d0,0x00000000e7a00000)
  to   space 67072K, 0% used [0x00000000eb480000,0x00000000eb480000,0x00000000ef600000)
 ParOldGen       total 210432K, used 115635K [0x0000000080000000, 0x000000008cd80000, 0x00000000d5580000)
  object space 210432K, 54% used [0x0000000080000000,0x00000000870ece78,0x000000008cd80000)
 Metaspace       used 88551K, capacity 93410K, committed 93592K, reserved 1130496K
  class space    used 11974K, capacity 12878K, committed 12968K, reserved 1048576K
}
Event: 897.532 GC heap before
{Heap before GC invocations=19 (full 3):
 PSYoungGen      total 299520K, used 299500K [0x00000000d5580000, 0x00000000ef600000, 0x0000000100000000)
  eden space 248832K, 100% used [0x00000000d5580000,0x00000000e4880000,0x00000000e4880000)
  from space 50688K, 99% used [0x00000000e4880000,0x00000000e79fb0d0,0x00000000e7a00000)
  to   space 67072K, 0% used [0x00000000eb480000,0x00000000eb480000,0x00000000ef600000)
 ParOldGen       total 210432K, used 115635K [0x0000000080000000, 0x000000008cd80000, 0x00000000d5580000)
  object space 210432K, 54% used [0x0000000080000000,0x00000000870ece78,0x000000008cd80000)
 Metaspace       used 89224K, capacity 94376K, committed 94744K, reserved 1130496K
  class space    used 12046K, capacity 12969K, committed 13096K, reserved 1048576K
Event: 897.707 GC heap after
Heap after GC invocations=19 (full 3):
 PSYoungGen      total 349696K, used 63236K [0x00000000d5580000, 0x00000000f1900000, 0x0000000100000000)
  eden space 282624K, 0% used [0x00000000d5580000,0x00000000d5580000,0x00000000e6980000)
  from space 67072K, 94% used [0x00000000eb480000,0x00000000ef2411a0,0x00000000ef600000)
  to   space 76800K, 0% used [0x00000000e6980000,0x00000000e6980000,0x00000000eb480000)
 ParOldGen       total 210432K, used 166204K [0x0000000080000000, 0x000000008cd80000, 0x00000000d5580000)
  object space 210432K, 78% used [0x0000000080000000,0x000000008a24f1d0,0x000000008cd80000)
 Metaspace       used 89224K, capacity 94376K, committed 94744K, reserved 1130496K
  class space    used 12046K, capacity 12969K, committed 13096K, reserved 1048576K
}
Event: 1193.766 GC heap before
{Heap before GC invocations=20 (full 3):
 PSYoungGen      total 349696K, used 345860K [0x00000000d5580000, 0x00000000f1900000, 0x0000000100000000)
  eden space 282624K, 100% used [0x00000000d5580000,0x00000000e6980000,0x00000000e6980000)
  from space 67072K, 94% used [0x00000000eb480000,0x00000000ef2411a0,0x00000000ef600000)
  to   space 76800K, 0% used [0x00000000e6980000,0x00000000e6980000,0x00000000eb480000)
 ParOldGen       total 210432K, used 166204K [0x0000000080000000, 0x000000008cd80000, 0x00000000d5580000)
  object space 210432K, 78% used [0x0000000080000000,0x000000008a24f1d0,0x000000008cd80000)
 Metaspace       used 89793K, capacity 95086K, committed 95256K, reserved 1132544K
  class space    used 12081K, capacity 13032K, committed 13096K, reserved 1048576K
Event: 1193.784 GC heap after
Heap after GC invocations=20 (full 3):
 PSYoungGen      total 359424K, used 23083K [0x00000000d5580000, 0x00000000f1d80000, 0x0000000100000000)
  eden space 282624K, 0% used [0x00000000d5580000,0x00000000d5580000,0x00000000e6980000)
  from space 76800K, 30% used [0x00000000e6980000,0x00000000e800ac00,0x00000000eb480000)
  to   space 73216K, 0% used [0x00000000ed600000,0x00000000ed600000,0x00000000f1d80000)
 ParOldGen       total 210432K, used 166212K [0x0000000080000000, 0x000000008cd80000, 0x00000000d5580000)
  object space 210432K, 78% used [0x0000000080000000,0x000000008a2511d0,0x000000008cd80000)
 Metaspace       used 89793K, capacity 95086K, committed 95256K, reserved 1132544K
  class space    used 12081K, capacity 13032K, committed 13096K, reserved 1048576K
}
Event: 1315.867 GC heap before
{Heap before GC invocations=21 (full 3):
 PSYoungGen      total 359424K, used 305707K [0x00000000d5580000, 0x00000000f1d80000, 0x0000000100000000)
  eden space 282624K, 100% used [0x00000000d5580000,0x00000000e6980000,0x00000000e6980000)
  from space 76800K, 30% used [0x00000000e6980000,0x00000000e800ac00,0x00000000eb480000)
  to   space 73216K, 0% used [0x00000000ed600000,0x00000000ed600000,0x00000000f1d80000)
 ParOldGen       total 210432K, used 166212K [0x0000000080000000, 0x000000008cd80000, 0x00000000d5580000)
  object space 210432K, 78% used [0x0000000080000000,0x000000008a2511d0,0x000000008cd80000)
 Metaspace       used 89956K, capacity 95320K, committed 95512K, reserved 1132544K
  class space    used 12091K, capacity 13049K, committed 13096K, reserved 1048576K
Event: 1315.874 GC heap after
Heap after GC invocations=21 (full 3):
 PSYoungGen      total 376320K, used 14985K [0x00000000d5580000, 0x00000000f1300000, 0x0000000100000000)
  eden space 313856K, 0% used [0x00000000d5580000,0x00000000d5580000,0x00000000e8800000)
  from space 62464K, 23% used [0x00000000ed600000,0x00000000ee4a24e0,0x00000000f1300000)
  to   space 71168K, 0% used [0x00000000e8800000,0x00000000e8800000,0x00000000ecd80000)
 ParOldGen       total 210432K, used 166220K [0x0000000080000000, 0x000000008cd80000, 0x00000000d5580000)
  object space 210432K, 78% used [0x0000000080000000,0x000000008a2531d0,0x000000008cd80000)
 Metaspace       used 89956K, capacity 95320K, committed 95512K, reserved 1132544K
  class space    used 12091K, capacity 13049K, committed 13096K, reserved 1048576K
}
Event: 1597.844 GC heap before
{Heap before GC invocations=22 (full 3):
 PSYoungGen      total 376320K, used 328841K [0x00000000d5580000, 0x00000000f1300000, 0x0000000100000000)
  eden space 313856K, 100% used [0x00000000d5580000,0x00000000e8800000,0x00000000e8800000)
  from space 62464K, 23% used [0x00000000ed600000,0x00000000ee4a24e0,0x00000000f1300000)
  to   space 71168K, 0% used [0x00000000e8800000,0x00000000e8800000,0x00000000ecd80000)
 ParOldGen       total 210432K, used 166220K [0x0000000080000000, 0x000000008cd80000, 0x00000000d5580000)
  object space 210432K, 78% used [0x0000000080000000,0x000000008a2531d0,0x000000008cd80000)
 Metaspace       used 90661K, capacity 96140K, committed 96408K, reserved 1132544K
  class space    used 12130K, capacity 13107K, committed 13224K, reserved 1048576K
Event: 1597.920 GC heap after
Heap after GC invocations=22 (full 3):
 PSYoungGen      total 385024K, used 57950K [0x00000000d5580000, 0x00000000f3c80000, 0x0000000100000000)
  eden space 313856K, 0% used [0x00000000d5580000,0x00000000d5580000,0x00000000e8800000)
  from space 71168K, 81% used [0x00000000e8800000,0x00000000ec097bb0,0x00000000ecd80000)
  to   space 78336K, 0% used [0x00000000ef000000,0x00000000ef000000,0x00000000f3c80000)
 ParOldGen       total 210432K, used 166228K [0x0000000080000000, 0x000000008cd80000, 0x00000000d5580000)
  object space 210432K, 78% used [0x0000000080000000,0x000000008a2551d0,0x000000008cd80000)
 Metaspace       used 90661K, capacity 96140K, committed 96408K, reserved 1132544K
  class space    used 12130K, capacity 13107K, committed 13224K, reserved 1048576K
}

